[2025-11-09 17:57:46] [INFO] [Inicio] Usuario autenticado: Nico
[2025-11-09 18:02:05] [INFO] [Inicio] Usuario autenticado: Nico
[2025-11-09 18:13:57] [INFO] [Inicio] Usuario autenticado: Nico
[2025-11-09 18:16:47] [INFO] [Inicio] Usuario autenticado: Nico
[2025-11-09 18:23:27] [INFO] [Inicio] Usuario autenticado: Nico
[2025-11-09 18:24:54] [INFO] [Inicio] Usuario autenticado: Nico
[2025-11-09 18:28:45] [INFO] [Inicio] Usuario autenticado: Nico
[2025-11-09 18:29:37] [INFO] [Inicio] Usuario autenticado: Nico
[2025-11-09 19:25:02],[INFO],[Inicio],Usuario autenticado: Nico
[2025-11-09 19:30:49],[INFO],[Inicio],Usuario autenticado: Nico
[2025-11-09 19:31:18],[INFO],[Inicio],Usuario autenticado: Nico
[2025-11-09 19:32:15],[INFO],[Inicio],Usuario autenticado: Nico
[2025-11-09 19:32:37],[INFO],[Inicio],Usuario autenticado: Nico
[2025-11-09 19:32:39],[INFO],[Inicio],Usuario autenticado: Nico
[2025-11-09 19:32:39],[INFO],[Inicio],Usuario autenticado: Nico
[2025-11-09 19:32:40],[INFO],[Inicio],Usuario autenticado: Nico
[2025-11-09 19:32:41],[INFO],[Inicio],Usuario autenticado: Nico
[2025-11-09 19:32:47],[INFO],[Inicio],Usuario autenticado: Nico
[2025-11-09 19:32:48],[INFO],[Inicio],Usuario autenticado: Nico
[2025-11-09 19:32:48],[INFO],[Inicio],Usuario autenticado: Nico
[2025-11-09 19:32:49],[INFO],[Inicio],Usuario autenticado: Nico
[2025-11-09 19:38:55],[INFO],[Inicio],Usuario autenticado: Nico
[2025-11-09 20:08:00],[INFO],[Inicio],Usuario autenticado: Nico
[2025-11-09 20:08:57],[INFO],[G_Code],G28
[2025-11-09 20:08:57],[INFO],[G_Code],el resultado fue:
[2025-11-09 20:09:44],[ERROR],[G_Code],Falta Loguearse
[2025-11-09 20:09:53],[INFO],[Inicio],Usuario autenticado: Nico
[2025-11-09 20:10:01],[INFO],[G_Code],M17
[2025-11-09 20:10:01],[INFO],[G_Code],el resultado fue:
[2025-11-09 20:11:51],[INFO],[Inicio],Usuario autenticado: Nico
[2025-11-09 20:12:01],[INFO],[G_Code],M17
[2025-11-09 20:12:02],[INFO],[G_Code],el resultado fue:
[2025-11-09 20:13:55],[ERROR],[G_Code],Falta Loguearse
[2025-11-09 20:14:01],[INFO],[Inicio],Usuario autenticado: Nico
[2025-11-09 20:14:10],[INFO],[G_Code],M17
[2025-11-09 20:14:10],[INFO],[G_Code],el resultado fue:
[2025-11-09 20:29:45],[INFO],[Inicio],Usuario autenticado: Nico
[2025-11-09 20:29:54],[INFO],[G_Code],M17
[2025-11-09 20:29:56],[DEBUG],[G_Code],iniciando comunicacion
[2025-11-09 20:29:56],[DEBUG],[G_Code],Transmitiendo:M17
[2025-11-09 20:29:59],[DEBUG],[G_Code],Recibiendo en bruto: 
[2025-11-09 20:30:02],[INFO],[G_Code],el resultado fue:
[2025-11-09 20:35:35],[INFO],[Inicio],Usuario autenticado: Nico
[2025-11-09 20:36:41],[INFO],[G_Code],G28
[2025-11-09 20:36:43],[DEBUG],[G_Code],iniciando comunicacion
[2025-11-09 20:36:43],[DEBUG],[G_Code],Transmitiendo:G28
[2025-11-09 20:36:46],[DEBUG],[G_Code],Recibiendo en bruto: 
[2025-11-09 20:36:49],[INFO],[G_Code],el resultado fue:
[2025-11-09 20:38:59],[INFO],[Inicio],Usuario autenticado: Nico
[2025-11-09 20:39:02],[INFO],[G_Code],G28
[2025-11-09 20:39:04],[DEBUG],[G_Code],iniciando comunicacion
[2025-11-09 20:39:04],[DEBUG],[G_Code],Transmitiendo:G28
[2025-11-09 20:39:07],[DEBUG],[G_Code],Recibiendo en bruto: 
[2025-11-09 20:39:10],[INFO],[G_Code],el resultado fue:
[2025-11-09 20:40:08],[INFO],[Inicio],Usuario autenticado: Nico
[2025-11-09 20:40:13],[INFO],[G_Code],G28
[2025-11-09 20:40:13],[DEBUG],[G_Code],iniciando comunicacion
[2025-11-09 20:40:13],[DEBUG],[G_Code],Transmitiendo:G28
[2025-11-09 20:40:13],[DEBUG],[G_Code],Recibiendo en bruto: 
[2025-11-09 20:40:13],[INFO],[G_Code],el resultado fue:
[2025-11-09 20:40:31],[INFO],[Inicio],Usuario autenticado: Nico
[2025-11-09 20:40:48],[INFO],[G_Code],G28
[2025-11-09 20:40:50],[DEBUG],[G_Code],iniciando comunicacion
[2025-11-09 20:40:50],[DEBUG],[G_Code],Transmitiendo:G28
[2025-11-09 20:40:53],[DEBUG],[G_Code],Recibiendo en bruto: 
[2025-11-09 20:40:56],[INFO],[G_Code],el resultado fue:
[2025-11-09 20:41:03],[INFO],[Inicio],Usuario autenticado: Nico
[2025-11-09 20:41:07],[INFO],[G_Code],G28
[2025-11-09 20:41:09],[DEBUG],[G_Code],iniciando comunicacion
[2025-11-09 20:41:09],[DEBUG],[G_Code],Transmitiendo:G28
[2025-11-09 20:41:12],[DEBUG],[G_Code],Recibiendo en bruto: 
[2025-11-09 20:41:15],[INFO],[G_Code],el resultado fue:
[2025-11-09 20:45:34],[INFO],[Inicio],Usuario autenticado: Nico
[2025-11-09 20:45:38],[INFO],[G_Code],G28
[2025-11-09 20:45:40],[DEBUG],[G_Code],iniciando comunicacion
[2025-11-09 20:45:43],[DEBUG],[G_Code],Transmitiendo:G28
[2025-11-09 20:45:46],[DEBUG],[G_Code],Recibiendo en bruto: 
[2025-11-09 20:45:49],[INFO],[G_Code],el resultado fue:
[2025-11-09 20:48:17],[INFO],[Inicio],Usuario autenticado: Nico
[2025-11-09 20:48:23],[INFO],[G_Code],G28
[2025-11-09 20:48:25],[DEBUG],[G_Code],iniciando comunicacion
[2025-11-09 20:48:29],[DEBUG],[G_Code],Recibiendo en bruto: 
[2025-11-09 20:48:29],[DEBUG],[G_Code],Transmitiendo:G28
[2025-11-09 20:48:32],[DEBUG],[G_Code],Recibiendo en bruto: 
[2025-11-09 20:48:35],[INFO],[G_Code],el resultado fue:
[2025-11-09 20:48:50],[INFO],[Inicio],Usuario autenticado: Nico
[2025-11-09 20:49:36],[INFO],[G_Code],G28
[2025-11-09 20:49:38],[DEBUG],[G_Code],iniciando comunicacion
[2025-11-09 20:49:41],[DEBUG],[G_Code],Recibiendo en bruto: 
[2025-11-09 20:49:41],[DEBUG],[G_Code],Transmitiendo:G28
[2025-11-09 20:49:44],[DEBUG],[G_Code],Recibiendo en bruto: 
[2025-11-09 20:49:47],[INFO],[G_Code],el resultado fue:
[2025-11-09 20:55:49],[INFO],[Inicio],Usuario autenticado: Nico
[2025-11-09 20:55:55],[INFO],[G_Code],G28
[2025-11-09 20:55:57],[DEBUG],[G_Code],iniciando comunicacion
[2025-11-09 20:56:00],[DEBUG],[G_Code],Recibiendo en bruto: 
[2025-11-09 20:56:00],[DEBUG],[G_Code],Transmitiendo:G28
[2025-11-09 20:56:03],[DEBUG],[G_Code],Recibiendo en bruto: 
[2025-11-09 20:56:06],[INFO],[G_Code],el resultado fue:
[2025-11-09 20:56:29],[INFO],[Inicio],Usuario autenticado: Nico
[2025-11-09 20:56:52],[INFO],[G_Code],G28
[2025-11-09 20:56:54],[DEBUG],[G_Code],iniciando comunicacion
[2025-11-09 20:56:57],[DEBUG],[G_Code],Recibiendo en bruto: 
[2025-11-09 20:56:57],[DEBUG],[G_Code],Transmitiendo:G28
[2025-11-09 20:57:00],[DEBUG],[G_Code],Recibiendo en bruto: 
[2025-11-09 20:57:03],[INFO],[G_Code],el resultado fue:
