[2025-10-07 23:18:48] [INFO]  [Main] Iniciando simulación con 4 mediciones por tubería.
[2025-10-07 23:18:48] [DEBUG]  [Controlador] Tuberías creadas.
[2025-10-07 23:18:48] [DEBUG]  [Controlador] Vector de mediciones creadas.
[2025-10-07 23:18:48] [DEBUG] Controlador creado.
[2025-10-07 23:18:48] [INFO]  [Controlador-Simulacion] Iniciando simulación.
[2025-10-07 23:18:48] [DEBUG]  [Controlador-Simulacion] Medición 0 de tubería A realizada. Caudal: 0.000000
[2025-10-07 23:18:48] [DEBUG]  [Controlador-Simulacion] Medición 0 de tubería B realizada. Caudal: 7.000000
[2025-10-07 23:18:48] [DEBUG]  [Controlador-Simulacion] Medición 0 de tubería C realizada. Caudal: 10.000000
[2025-10-07 23:18:48] [DEBUG]  [Controlador-Simulacion] Medición 1 de tubería A realizada. Caudal: -9.880316
[2025-10-07 23:18:48] [DEBUG]  [Controlador-Simulacion] Medición 1 de tubería B realizada. Caudal: 9.000000
[2025-10-07 23:18:48] [DEBUG]  [Controlador-Simulacion] Medición 1 de tubería C realizada. Caudal: 0.000000
[2025-10-07 23:18:48] [DEBUG]  [Controlador-Simulacion] Medición 2 de tubería A realizada. Caudal: -3.048106
[2025-10-07 23:18:48] [DEBUG]  [Controlador-Simulacion] Medición 2 de tubería B realizada. Caudal: 7.000000
[2025-10-07 23:18:48] [DEBUG]  [Controlador-Simulacion] Medición 2 de tubería C realizada. Caudal: 10.000000
[2025-10-07 23:18:48] [DEBUG]  [Controlador-Simulacion] Medición 3 de tubería A realizada. Caudal: 8.939966
[2025-10-07 23:18:48] [DEBUG]  [Controlador-Simulacion] Medición 3 de tubería B realizada. Caudal: 4.000000
[2025-10-07 23:18:48] [DEBUG]  [Controlador-Simulacion] Medición 3 de tubería C realizada. Caudal: 0.000000
[2025-10-07 23:18:48] [INFO]  [Controlador-Simulacion] Simulación finalizada.
[2025-10-07 23:31:24] [INFO]  [Main] Iniciando simulación con 10 mediciones por tubería.
[2025-10-07 23:31:24] [DEBUG]  [Controlador] Tuberías creadas.
[2025-10-07 23:31:24] [DEBUG]  [Controlador] Vector de mediciones creadas.
[2025-10-07 23:31:24] [DEBUG] Controlador creado.
[2025-10-07 23:31:24] [INFO]  [Controlador-Simulacion] Iniciando simulación.
[2025-10-07 23:31:24] [DEBUG]  [Controlador-Simulacion] Medición 0 de tubería A realizada. Caudal: 0.000000
[2025-10-07 23:31:24] [DEBUG]  [Controlador-Simulacion] Medición 0 de tubería B realizada. Caudal: 3.000000
[2025-10-07 23:31:24] [DEBUG]  [Controlador-Simulacion] Medición 0 de tubería C realizada. Caudal: 10.000000
[2025-10-07 23:31:24] [DEBUG]  [Controlador-Simulacion] Medición 1 de tubería A realizada. Caudal: -9.880316
[2025-10-07 23:31:24] [DEBUG]  [Controlador-Simulacion] Medición 1 de tubería B realizada. Caudal: 10.000000
[2025-10-07 23:31:24] [DEBUG]  [Controlador-Simulacion] Medición 1 de tubería C realizada. Caudal: 0.000000
[2025-10-07 23:31:24] [DEBUG]  [Controlador-Simulacion] Medición 2 de tubería A realizada. Caudal: -3.048106
[2025-10-07 23:31:24] [DEBUG]  [Controlador-Simulacion] Medición 2 de tubería B realizada. Caudal: 7.000000
[2025-10-07 23:31:24] [DEBUG]  [Controlador-Simulacion] Medición 2 de tubería C realizada. Caudal: 10.000000
[2025-10-07 23:31:24] [DEBUG]  [Controlador-Simulacion] Medición 3 de tubería A realizada. Caudal: 8.939966
[2025-10-07 23:31:24] [DEBUG]  [Controlador-Simulacion] Medición 3 de tubería B realizada. Caudal: 2.000000
[2025-10-07 23:31:24] [DEBUG]  [Controlador-Simulacion] Medición 3 de tubería C realizada. Caudal: 0.000000
[2025-10-07 23:31:24] [DEBUG]  [Controlador-Simulacion] Medición 4 de tubería A realizada. Caudal: 5.806112
[2025-10-07 23:31:24] [DEBUG]  [Controlador-Simulacion] Medición 4 de tubería B realizada. Caudal: 6.000000
[2025-10-07 23:31:24] [DEBUG]  [Controlador-Simulacion] Medición 4 de tubería C realizada. Caudal: 10.000000
[2025-10-07 23:31:24] [DEBUG]  [Controlador-Simulacion] Medición 5 de tubería A realizada. Caudal: -7.148764
[2025-10-07 23:31:24] [DEBUG]  [Controlador-Simulacion] Medición 5 de tubería B realizada. Caudal: 10.000000
[2025-10-07 23:31:24] [DEBUG]  [Controlador-Simulacion] Medición 5 de tubería C realizada. Caudal: 0.000000
[2025-10-07 23:31:24] [DEBUG]  [Controlador-Simulacion] Medición 6 de tubería A realizada. Caudal: -8.011526
[2025-10-07 23:31:24] [DEBUG]  [Controlador-Simulacion] Medición 6 de tubería B realizada. Caudal: 1.000000
[2025-10-07 23:31:24] [DEBUG]  [Controlador-Simulacion] Medición 6 de tubería C realizada. Caudal: 10.000000
[2025-10-07 23:31:24] [DEBUG]  [Controlador-Simulacion] Medición 7 de tubería A realizada. Caudal: 4.677185
[2025-10-07 23:31:24] [DEBUG]  [Controlador-Simulacion] Medición 7 de tubería B realizada. Caudal: 7.000000
[2025-10-07 23:31:24] [DEBUG]  [Controlador-Simulacion] Medición 7 de tubería C realizada. Caudal: 0.000000
[2025-10-07 23:31:24] [DEBUG]  [Controlador-Simulacion] Medición 8 de tubería A realizada. Caudal: 9.454452
[2025-10-07 23:31:24] [DEBUG]  [Controlador-Simulacion] Medición 8 de tubería B realizada. Caudal: 5.000000
[2025-10-07 23:31:24] [DEBUG]  [Controlador-Simulacion] Medición 8 de tubería C realizada. Caudal: 10.000000
[2025-10-07 23:31:24] [DEBUG]  [Controlador-Simulacion] Medición 9 de tubería A realizada. Caudal: -1.760459
[2025-10-07 23:31:24] [DEBUG]  [Controlador-Simulacion] Medición 9 de tubería B realizada. Caudal: 9.000000
[2025-10-07 23:31:24] [DEBUG]  [Controlador-Simulacion] Medición 9 de tubería C realizada. Caudal: 0.000000
[2025-10-07 23:31:24] [INFO]  [Controlador-Simulacion] Simulación finalizada.
